[21:04:11] [main/INFO]: Environment: authHost='https://authserver.mojang.com', accountsHost='https://api.mojang.com', sessionHost='https://sessionserver.mojang.com', name='PROD'
[21:04:12] [main/INFO]: Found new data pack file/bukkit, loading it automatically
[21:04:14] [main/INFO]: Reloading ResourceManager: Default, bukkit
[21:04:16] [Server-Worker-4/INFO]: Loaded 7 recipes
[21:04:27] [Server thread/INFO]: Starting minecraft server version 1.16.1
[21:04:27] [Server thread/INFO]: Loading properties
[21:04:27] [Server thread/INFO]: This server is running Paper version git-Paper-90 (MC: 1.16.1) (Implementing API version 1.16.1-R0.1-SNAPSHOT)
[21:04:28] [Server thread/INFO]: Debug logging is disabled
[21:04:28] [Server thread/INFO]: Server Ping Player Sample Count: 12
[21:04:28] [Server thread/INFO]: Using 4 threads for Netty based IO
[21:04:28] [Server thread/INFO]: Default game type: SURVIVAL
[21:04:28] [Server thread/INFO]: Generating keypair
[21:04:29] [Server thread/INFO]: Starting Minecraft server on *:25565
[21:04:29] [Server thread/INFO]: Using default channel type
[21:04:30] [Server thread/INFO]: Preparing level "world"
[21:04:30] [Server thread/INFO]: -------- World Settings For [world] --------
[21:04:30] [Server thread/INFO]: Zombie Aggressive Towards Villager: true
[21:04:30] [Server thread/INFO]: Nerfing mobs spawned from spawners: false
[21:04:30] [Server thread/INFO]: Entity Tracking Range: Pl 48 / An 48 / Mo 48 / Mi 32 / Other 64
[21:04:30] [Server thread/INFO]: Allow Zombie Pigmen to spawn from portal blocks: true
[21:04:30] [Server thread/INFO]: Item Merge Radius: 2.5
[21:04:30] [Server thread/INFO]: Item Despawn Rate: 6000
[21:04:30] [Server thread/INFO]: Arrow Despawn Rate: 1200 Trident Respawn Rate:1200
[21:04:30] [Server thread/INFO]: View Distance: 10
[21:04:30] [Server thread/INFO]: Mob Spawn Range: 8
[21:04:30] [Server thread/INFO]: Experience Merge Radius: 3.0
[21:04:30] [Server thread/INFO]: Cactus Growth Modifier: 100%
[21:04:30] [Server thread/INFO]: Cane Growth Modifier: 100%
[21:04:30] [Server thread/INFO]: Melon Growth Modifier: 100%
[21:04:30] [Server thread/INFO]: Mushroom Growth Modifier: 100%
[21:04:30] [Server thread/INFO]: Pumpkin Growth Modifier: 100%
[21:04:30] [Server thread/INFO]: Sapling Growth Modifier: 100%
[21:04:30] [Server thread/INFO]: Beetroot Growth Modifier: 100%
[21:04:30] [Server thread/INFO]: Carrot Growth Modifier: 100%
[21:04:30] [Server thread/INFO]: Potato Growth Modifier: 100%
[21:04:30] [Server thread/INFO]: Wheat Growth Modifier: 100%
[21:04:30] [Server thread/INFO]: NetherWart Growth Modifier: 100%
[21:04:30] [Server thread/INFO]: Vine Growth Modifier: 100%
[21:04:30] [Server thread/INFO]: Cocoa Growth Modifier: 100%
[21:04:30] [Server thread/INFO]: Bamboo Growth Modifier: 100%
[21:04:30] [Server thread/INFO]: SweetBerry Growth Modifier: 100%
[21:04:30] [Server thread/INFO]: Kelp Growth Modifier: 100%
[21:04:30] [Server thread/INFO]: Entity Activation Range: An 32 / Mo 32 / Ra 48 / Mi 16 / Tiv true
[21:04:30] [Server thread/INFO]: Hopper Transfer: 8 Hopper Check: 1 Hopper Amount: 1
[21:04:30] [Server thread/INFO]: Custom Map Seeds:  Village: 10387312 Desert: 14357617 Igloo: 14357618 Jungle: 14357619 Swamp: 14357620 Monument: 10387313 Ocean: 14357621 Shipwreck: 165745295 End City: 10387313 Slime: 987234911 Bastion: 30084232 Fortress: 30084232 Mansion: 10387319 Fossil: 14357921 Portal: 34222645
[21:04:30] [Server thread/INFO]: Max TNT Explosions: 100
[21:04:30] [Server thread/INFO]: Tile Max Tick Time: 50ms Entity max Tick Time: 50ms
[21:05:43] [Server thread/INFO]: -------- World Settings For [world_nether] --------
[21:05:43] [Server thread/INFO]: Zombie Aggressive Towards Villager: true
[21:05:43] [Server thread/INFO]: Nerfing mobs spawned from spawners: false
[21:05:43] [Server thread/INFO]: Entity Tracking Range: Pl 48 / An 48 / Mo 48 / Mi 32 / Other 64
[21:05:43] [Server thread/INFO]: Allow Zombie Pigmen to spawn from portal blocks: true
[21:05:43] [Server thread/INFO]: Item Merge Radius: 2.5
[21:05:43] [Server thread/INFO]: Item Despawn Rate: 6000
[21:05:43] [Server thread/INFO]: Arrow Despawn Rate: 1200 Trident Respawn Rate:1200
[21:05:43] [Server thread/INFO]: View Distance: 10
[21:05:43] [Server thread/INFO]: Mob Spawn Range: 8
[21:05:43] [Server thread/INFO]: Experience Merge Radius: 3.0
[21:05:43] [Server thread/INFO]: Cactus Growth Modifier: 100%
[21:05:43] [Server thread/INFO]: Cane Growth Modifier: 100%
[21:05:43] [Server thread/INFO]: Melon Growth Modifier: 100%
[21:05:43] [Server thread/INFO]: Mushroom Growth Modifier: 100%
[21:05:43] [Server thread/INFO]: Pumpkin Growth Modifier: 100%
[21:05:43] [Server thread/INFO]: Sapling Growth Modifier: 100%
[21:05:43] [Server thread/INFO]: Beetroot Growth Modifier: 100%
[21:05:43] [Server thread/INFO]: Carrot Growth Modifier: 100%
[21:05:43] [Server thread/INFO]: Potato Growth Modifier: 100%
[21:05:43] [Server thread/INFO]: Wheat Growth Modifier: 100%
[21:05:43] [Server thread/INFO]: NetherWart Growth Modifier: 100%
[21:05:43] [Server thread/INFO]: Vine Growth Modifier: 100%
[21:05:43] [Server thread/INFO]: Cocoa Growth Modifier: 100%
[21:05:43] [Server thread/INFO]: Bamboo Growth Modifier: 100%
[21:05:43] [Server thread/INFO]: SweetBerry Growth Modifier: 100%
[21:05:43] [Server thread/INFO]: Kelp Growth Modifier: 100%
[21:05:43] [Server thread/INFO]: Entity Activation Range: An 32 / Mo 32 / Ra 48 / Mi 16 / Tiv true
[21:05:43] [Server thread/INFO]: Hopper Transfer: 8 Hopper Check: 1 Hopper Amount: 1
[21:05:43] [Server thread/INFO]: Custom Map Seeds:  Village: 10387312 Desert: 14357617 Igloo: 14357618 Jungle: 14357619 Swamp: 14357620 Monument: 10387313 Ocean: 14357621 Shipwreck: 165745295 End City: 10387313 Slime: 987234911 Bastion: 30084232 Fortress: 30084232 Mansion: 10387319 Fossil: 14357921 Portal: 34222645
[21:05:43] [Server thread/INFO]: Max TNT Explosions: 100
[21:05:43] [Server thread/INFO]: Tile Max Tick Time: 50ms Entity max Tick Time: 50ms
[21:05:45] [Server thread/WARN]: Unable to find spawn biome
[21:05:51] [Server thread/INFO]: -------- World Settings For [world_the_end] --------
[21:05:51] [Server thread/INFO]: Zombie Aggressive Towards Villager: true
[21:05:51] [Server thread/INFO]: Nerfing mobs spawned from spawners: false
[21:05:51] [Server thread/INFO]: Entity Tracking Range: Pl 48 / An 48 / Mo 48 / Mi 32 / Other 64
[21:05:51] [Server thread/INFO]: Allow Zombie Pigmen to spawn from portal blocks: true
[21:05:51] [Server thread/INFO]: Item Merge Radius: 2.5
[21:05:51] [Server thread/INFO]: Item Despawn Rate: 6000
[21:05:51] [Server thread/INFO]: Arrow Despawn Rate: 1200 Trident Respawn Rate:1200
[21:05:51] [Server thread/INFO]: View Distance: 10
[21:05:51] [Server thread/INFO]: Mob Spawn Range: 8
[21:05:51] [Server thread/INFO]: Experience Merge Radius: 3.0
[21:05:51] [Server thread/INFO]: Cactus Growth Modifier: 100%
[21:05:51] [Server thread/INFO]: Cane Growth Modifier: 100%
[21:05:51] [Server thread/INFO]: Melon Growth Modifier: 100%
[21:05:51] [Server thread/INFO]: Mushroom Growth Modifier: 100%
[21:05:51] [Server thread/INFO]: Pumpkin Growth Modifier: 100%
[21:05:51] [Server thread/INFO]: Sapling Growth Modifier: 100%
[21:05:51] [Server thread/INFO]: Beetroot Growth Modifier: 100%
[21:05:51] [Server thread/INFO]: Carrot Growth Modifier: 100%
[21:05:51] [Server thread/INFO]: Potato Growth Modifier: 100%
[21:05:51] [Server thread/INFO]: Wheat Growth Modifier: 100%
[21:05:51] [Server thread/INFO]: NetherWart Growth Modifier: 100%
[21:05:51] [Server thread/INFO]: Vine Growth Modifier: 100%
[21:05:51] [Server thread/INFO]: Cocoa Growth Modifier: 100%
[21:05:51] [Server thread/INFO]: Bamboo Growth Modifier: 100%
[21:05:51] [Server thread/INFO]: SweetBerry Growth Modifier: 100%
[21:05:51] [Server thread/INFO]: Kelp Growth Modifier: 100%
[21:05:51] [Server thread/INFO]: Entity Activation Range: An 32 / Mo 32 / Ra 48 / Mi 16 / Tiv true
[21:05:51] [Server thread/INFO]: Hopper Transfer: 8 Hopper Check: 1 Hopper Amount: 1
[21:05:51] [Server thread/INFO]: Custom Map Seeds:  Village: 10387312 Desert: 14357617 Igloo: 14357618 Jungle: 14357619 Swamp: 14357620 Monument: 10387313 Ocean: 14357621 Shipwreck: 165745295 End City: 10387313 Slime: 987234911 Bastion: 30084232 Fortress: 30084232 Mansion: 10387319 Fossil: 14357921 Portal: 34222645
[21:05:51] [Server thread/INFO]: Max TNT Explosions: 100
[21:05:51] [Server thread/INFO]: Tile Max Tick Time: 50ms Entity max Tick Time: 50ms
[21:05:52] [Server thread/WARN]: Unable to find spawn biome
[21:05:55] [Server thread/INFO]: Preparing start region for dimension minecraft:overworld
[21:06:01] [Server thread/INFO]: Loaded 0 spawn chunks for world world
[21:06:01] [Server-Worker-3/INFO]: Preparing spawn area: 0%
[21:06:01] [Server-Worker-4/INFO]: Preparing spawn area: 0%
[21:06:01] [Server-Worker-4/INFO]: Preparing spawn area: 0%
[21:06:01] [Server-Worker-3/INFO]: Preparing spawn area: 0%
[21:06:01] [Server-Worker-3/INFO]: Preparing spawn area: 0%
[21:06:01] [Server-Worker-3/INFO]: Preparing spawn area: 0%
[21:06:01] [Server-Worker-3/INFO]: Preparing spawn area: 0%
[21:06:01] [Server-Worker-3/INFO]: Preparing spawn area: 0%
[21:06:01] [Server-Worker-3/INFO]: Preparing spawn area: 0%
[21:06:01] [Server-Worker-3/INFO]: Preparing spawn area: 0%
[21:06:01] [Server-Worker-3/INFO]: Preparing spawn area: 0%
[21:06:01] [Server-Worker-3/INFO]: Preparing spawn area: 0%
[21:06:01] [Server-Worker-3/INFO]: Preparing spawn area: 0%
[21:06:01] [Server-Worker-3/INFO]: Preparing spawn area: 0%
[21:06:02] [Server-Worker-4/INFO]: Preparing spawn area: 0%
[21:06:03] [Server-Worker-4/INFO]: Preparing spawn area: 0%
[21:06:03] [Server-Worker-4/INFO]: Preparing spawn area: 0%
[21:06:03] [Server-Worker-4/INFO]: Preparing spawn area: 0%
[21:06:04] [Server-Worker-4/INFO]: Preparing spawn area: 0%
[21:06:04] [Server-Worker-4/INFO]: Preparing spawn area: 0%
[21:06:05] [Server-Worker-4/INFO]: Preparing spawn area: 0%
[21:06:05] [Server-Worker-3/INFO]: Preparing spawn area: 0%
[21:06:06] [Server-Worker-4/INFO]: Preparing spawn area: 0%
[21:06:06] [Server-Worker-4/INFO]: Preparing spawn area: 0%
[21:06:06] [Server thread/INFO]: Time elapsed: 11695 ms
[21:06:06] [Server thread/INFO]: Preparing start region for dimension minecraft:the_nether
[21:06:10] [Server thread/INFO]: Loaded 0 spawn chunks for world world_nether
[21:06:10] [Server-Worker-4/INFO]: Preparing spawn area: 0%
[21:06:10] [Server-Worker-4/INFO]: Preparing spawn area: 0%
[21:06:10] [Server-Worker-4/INFO]: Preparing spawn area: 0%
[21:06:10] [Server-Worker-4/INFO]: Preparing spawn area: 0%
[21:06:10] [Server-Worker-4/INFO]: Preparing spawn area: 0%
[21:06:11] [Server-Worker-4/INFO]: Preparing spawn area: 0%
[21:06:11] [Server-Worker-4/INFO]: Preparing spawn area: 0%
[21:06:11] [Server-Worker-4/INFO]: Preparing spawn area: 0%
[21:06:11] [Server-Worker-4/INFO]: Preparing spawn area: 0%
[21:06:11] [Server-Worker-4/INFO]: Preparing spawn area: 0%
[21:06:12] [Server-Worker-3/INFO]: Preparing spawn area: 0%
[21:06:12] [Server-Worker-3/INFO]: Preparing spawn area: 0%
[21:06:13] [Server-Worker-3/INFO]: Preparing spawn area: 0%
[21:06:13] [Server-Worker-3/INFO]: Preparing spawn area: 0%
[21:06:14] [Server-Worker-3/INFO]: Preparing spawn area: 0%
[21:06:14] [Server-Worker-4/INFO]: Preparing spawn area: 0%
[21:06:15] [Server-Worker-3/INFO]: Preparing spawn area: 0%
[21:06:15] [Server-Worker-3/INFO]: Preparing spawn area: 0%
[21:06:15] [Server thread/INFO]: Time elapsed: 8883 ms
[21:06:15] [Server thread/INFO]: Preparing start region for dimension minecraft:the_end
[21:06:20] [Server thread/INFO]: Loaded 0 spawn chunks for world world_the_end
[21:06:21] [Server thread/INFO]: Time elapsed: 5166 ms
[21:06:21] [Server thread/INFO]: Running delayed init tasks
[21:06:21] [Server thread/INFO]: Done (114.294s)! For help, type "help"
[21:06:21] [Server thread/INFO]: Timings Reset
[21:07:28] [Server thread/INFO]: Unknown command. Type "/help" for help.
[21:07:33] [Server thread/INFO]: Stopping the server
[21:07:33] [Server thread/INFO]: Stopping server (Ignore any thread death message you see! - DO NOT REPORT THREAD DEATH TO PAPER)
[21:07:33] [Server thread/INFO]: Saving players
[21:07:33] [Server thread/INFO]: Saving worlds
[21:07:33] [Server thread/INFO]: Saving chunks for level 'ServerLevel[world]'/minecraft:overworld
